--------------------------------------
Running PBS prologue script
--------------------------------------
User and Job Data:
--------------------------------------
Job ID:    702589.qb3
Username:  droz
Group:     latechusers
Date:      03-Oct-2019 15:45
Node:      qb070 (109430)
--------------------------------------
PBS has allocated the following nodes:

qb070

A total of 20 processors on 1 nodes allocated
---------------------------------------------
Check nodes and clean them of stray processes
---------------------------------------------
Checking node qb070 15:45:28 
Done clearing all the allocated nodes
------------------------------------------------------
Concluding PBS prologue script - 03-Oct-2019 15:45:28
------------------------------------------------------
MPI run with 4 processes.
Message at proc # 1: Hello, droz from # 0!

Message at proc # 2: Hello, droz from # 1!

Message at proc # 3: Hello, droz from # 2!

Message at proc # 0: Hello, droz from # 3!

Time elapsed is 0.000156 seconds.
MPI run with 8 processes.
Message at proc # 1: Hello, droz from # 0!

Message at proc # 2: Hello, droz from # 1!

Message at proc # 3: Hello, droz from # 2!

Message at proc # 4: Hello, droz from # 3!

Message at proc # 5: Hello, droz from # 4!

Message at proc # 6: Hello, droz from # 5!

Message at proc # 7: Hello, droz from # 6!

Message at proc # 0: Hello, droz from # 7!

Time elapsed is 0.000229 seconds.
------------------------------------------------------
Running PBS epilogue script    - 03-Oct-2019 15:45:30
------------------------------------------------------
Checking node qb070 (MS)
Checking node qb070 ok
------------------------------------------------------
Concluding PBS epilogue script - 03-Oct-2019 15:45:31
------------------------------------------------------
Exit Status:     0
Job ID:          702589.qb3
Username:        droz
Group:           latechusers
Job Name:        myjob0
Session Id:      109429
Resource Limits: ncpus=1,neednodes=1:ppn=20,nodes=1:ppn=20,walltime=01:00:00
Resources Used:  cput=00:00:03,mem=0kb,vmem=0kb,walltime=00:00:04
Queue Used:      workq
Account String:  loni_cyen405
Node:            qb070
Process id:      110049
------------------------------------------------------
