--------------------------------------
Running PBS prologue script
--------------------------------------
User and Job Data:
--------------------------------------
Job ID:    704030.qb3
Username:  droz
Group:     latechusers
Date:      08-Oct-2019 09:48
Node:      qb033 (56063)
--------------------------------------
PBS has allocated the following nodes:

qb033

A total of 20 processors on 1 nodes allocated
---------------------------------------------
Check nodes and clean them of stray processes
---------------------------------------------
Checking node qb033 09:48:44 
Done clearing all the allocated nodes
------------------------------------------------------
Concluding PBS prologue script - 08-Oct-2019 09:48:44
------------------------------------------------------
MPI run with 4 processes.
Message at proc# 0:Hello, droz from #0!

Time elapsed is 0.000143 seconds.
Message at proc# 1:Hello, droz from #0!

Message at proc# 2:Hello, droz from #0!

Message at proc# 3:Hello, droz from #0!

MPI run with 8 processes.
Message at proc# 0:Hello, droz from #0!

Time elapsed is 0.000187 seconds.
Message at proc# 1:Hello, droz from #0!

Message at proc# 2:Hello, droz from #0!

Message at proc# 3:Hello, droz from #0!

Message at proc# 4:Hello, droz from #0!

Message at proc# 5:Hello, droz from #0!

Message at proc# 6:Hello, droz from #0!

Message at proc# 7:Hello, droz from #0!

------------------------------------------------------
Running PBS epilogue script    - 08-Oct-2019 09:48:45
------------------------------------------------------
Checking node qb033 (MS)
Checking node qb033 ok
------------------------------------------------------
Concluding PBS epilogue script - 08-Oct-2019 09:48:47
------------------------------------------------------
Exit Status:     0
Job ID:          704030.qb3
Username:        droz
Group:           latechusers
Job Name:        myjob0
Session Id:      56062
Resource Limits: ncpus=1,neednodes=1:ppn=20,nodes=1:ppn=20,walltime=01:00:00
Resources Used:  cput=00:00:03,mem=0kb,vmem=0kb,walltime=00:00:03
Queue Used:      workq
Account String:  loni_cyen405
Node:            qb033
Process id:      56698
------------------------------------------------------
