--------------------------------------
Running PBS prologue script
--------------------------------------
User and Job Data:
--------------------------------------
Job ID:    704102.qb3
Username:  droz
Group:     latechusers
Date:      08-Oct-2019 12:13
Node:      qb028 (34777)
--------------------------------------
PBS has allocated the following nodes:

qb028

A total of 20 processors on 1 nodes allocated
---------------------------------------------
Check nodes and clean them of stray processes
---------------------------------------------
Checking node qb028 12:13:25 
Done clearing all the allocated nodes
------------------------------------------------------
Concluding PBS prologue script - 08-Oct-2019 12:13:25
------------------------------------------------------
The total sum is 504964793.000000.
Time elapsed is 0.030000 secs.
------------------------------------------------------
Running PBS epilogue script    - 08-Oct-2019 12:13:26
------------------------------------------------------
Checking node qb028 (MS)
Checking node qb028 ok
------------------------------------------------------
Concluding PBS epilogue script - 08-Oct-2019 12:13:28
------------------------------------------------------
Exit Status:     0
Job ID:          704102.qb3
Username:        droz
Group:           latechusers
Job Name:        myjob0
Session Id:      34776
Resource Limits: ncpus=1,neednodes=1:ppn=20,nodes=1:ppn=20,walltime=01:00:00
Resources Used:  cput=00:00:00,mem=0kb,vmem=0kb,walltime=00:00:03
Queue Used:      workq
Account String:  loni_cyen405
Node:            qb028
Process id:      35384
------------------------------------------------------
