--------------------------------------
Running PBS prologue script
--------------------------------------
User and Job Data:
--------------------------------------
Job ID:    704101.qb3
Username:  droz
Group:     latechusers
Date:      08-Oct-2019 12:13
Node:      qb029 (29387)
--------------------------------------
PBS has allocated the following nodes:

qb029

A total of 20 processors on 1 nodes allocated
---------------------------------------------
Check nodes and clean them of stray processes
---------------------------------------------
Checking node qb029 12:13:09 
Done clearing all the allocated nodes
------------------------------------------------------
Concluding PBS prologue script - 08-Oct-2019 12:13:09
------------------------------------------------------
Hello, droz!
------------------------------------------------------
Running PBS epilogue script    - 08-Oct-2019 12:13:09
------------------------------------------------------
Checking node qb029 (MS)
Checking node qb029 ok
------------------------------------------------------
Concluding PBS epilogue script - 08-Oct-2019 12:13:11
------------------------------------------------------
Exit Status:     0
Job ID:          704101.qb3
Username:        droz
Group:           latechusers
Job Name:        myjob0
Session Id:      29386
Resource Limits: ncpus=1,neednodes=1:ppn=20,nodes=1:ppn=20,walltime=01:00:00
Resources Used:  cput=00:00:00,mem=0kb,vmem=0kb,walltime=00:00:02
Queue Used:      workq
Account String:  loni_cyen405
Node:            qb029
Process id:      29994
------------------------------------------------------
