--------------------------------------
Running PBS prologue script
--------------------------------------
User and Job Data:
--------------------------------------
Job ID:    704103.qb3
Username:  droz
Group:     latechusers
Date:      08-Oct-2019 12:13
Node:      qb029 (30641)
--------------------------------------
PBS has allocated the following nodes:

qb029

A total of 20 processors on 1 nodes allocated
---------------------------------------------
Check nodes and clean them of stray processes
---------------------------------------------
Checking node qb029 12:13:29 
Done clearing all the allocated nodes
------------------------------------------------------
Concluding PBS prologue script - 08-Oct-2019 12:13:29
------------------------------------------------------
MPI run with 4 processes.
Local Sum on proc# 1 is 126216421.000000.
Local Sum on proc# 2 is 126227933.000000.
Local Sum on proc# 3 is 126317992.000000.
Local Sum on proc# 0 is 126337738.000000.
The total sum is 505100084.000000.
Time elapsed is 0.004852 secs.
MPI run with 8 processes.
Local Sum on proc# 1 is 63087363.000000.
Local Sum on proc# 5 is 63129719.000000.
Local Sum on proc# 7 is 63116623.000000.
Local Sum on proc# 6 is 63128582.000000.
Local Sum on proc# 4 is 63167318.000000.
Local Sum on proc# 3 is 63134728.000000.
Local Sum on proc# 2 is 63082786.000000.
Local Sum on proc# 0 is 63174511.000000.
The total sum is 505021630.000000.
Time elapsed is 0.005923 secs.
------------------------------------------------------
Running PBS epilogue script    - 08-Oct-2019 12:13:30
------------------------------------------------------
Checking node qb029 (MS)
Checking node qb029 ok
------------------------------------------------------
Concluding PBS epilogue script - 08-Oct-2019 12:13:32
------------------------------------------------------
Exit Status:     0
Job ID:          704103.qb3
Username:        droz
Group:           latechusers
Job Name:        myjob0
Session Id:      30640
Resource Limits: ncpus=1,neednodes=1:ppn=20,nodes=1:ppn=20,walltime=01:00:00
Resources Used:  cput=00:00:03,mem=0kb,vmem=0kb,walltime=00:00:03
Queue Used:      workq
Account String:  loni_cyen405
Node:            qb029
Process id:      31275
------------------------------------------------------
