--------------------------------------
Running PBS prologue script
--------------------------------------
User and Job Data:
--------------------------------------
Job ID:    704069.qb3
Username:  droz
Group:     latechusers
Date:      08-Oct-2019 10:55
Node:      qb047 (38515)
--------------------------------------
PBS has allocated the following nodes:

qb047

A total of 20 processors on 1 nodes allocated
---------------------------------------------
Check nodes and clean them of stray processes
---------------------------------------------
Checking node qb047 10:55:11 
Done clearing all the allocated nodes
------------------------------------------------------
Concluding PBS prologue script - 08-Oct-2019 10:55:11
------------------------------------------------------
MPI run with 4 processes.
Hello, droz from #0 of 4!
Hello, droz from #1 of 4!
Hello, droz from #2 of 4!
Hello, droz from #3 of 4!
Time on rank #0 is 0.000125!
MPI run with 8 processes.
Hello, droz from #0 of 8!
Hello, droz from #1 of 8!
Hello, droz from #2 of 8!
Hello, droz from #3 of 8!
Hello, droz from #4 of 8!
Hello, droz from #5 of 8!
Hello, droz from #6 of 8!
Hello, droz from #7 of 8!
Time on rank #0 is 0.000193!
------------------------------------------------------
Running PBS epilogue script    - 08-Oct-2019 10:55:12
------------------------------------------------------
Checking node qb047 (MS)
Checking node qb047 ok
------------------------------------------------------
Concluding PBS epilogue script - 08-Oct-2019 10:55:14
------------------------------------------------------
Exit Status:     0
Job ID:          704069.qb3
Username:        droz
Group:           latechusers
Job Name:        myjob0
Session Id:      38514
Resource Limits: ncpus=1,neednodes=1:ppn=20,nodes=1:ppn=20,walltime=01:00:00
Resources Used:  cput=00:00:03,mem=1584kb,vmem=120672kb,walltime=00:00:03
Queue Used:      workq
Account String:  loni_cyen405
Node:            qb047
Process id:      39149
------------------------------------------------------
