--------------------------------------
Running PBS prologue script
--------------------------------------
User and Job Data:
--------------------------------------
Job ID:    704028.qb3
Username:  droz
Group:     latechusers
Date:      08-Oct-2019 09:44
Node:      qb032 (107110)
--------------------------------------
PBS has allocated the following nodes:

qb032

A total of 20 processors on 1 nodes allocated
---------------------------------------------
Check nodes and clean them of stray processes
---------------------------------------------
Checking node qb032 09:44:53 
Done clearing all the allocated nodes
------------------------------------------------------
Concluding PBS prologue script - 08-Oct-2019 09:44:53
------------------------------------------------------
MPI run with 4 processes.
Message at proc# 0:Hello, droz from #0!

Time elapsed is 0.000086 seconds.
Message at proc# 1:Hello, droz from #0!

Message at proc# 2:Hello, droz from #0!

Message at proc# 3:Hello, droz from #0!

MPI run with 8 processes.
Message at proc# 0:Hello, droz from #0!

Time elapsed is 0.000111 seconds.
Message at proc# 1:Hello, droz from #0!

Message at proc# 2:Hello, droz from #0!

Message at proc# 3:Hello, droz from #0!

Message at proc# 4:Hello, droz from #0!

Message at proc# 5:Hello, droz from #0!

Message at proc# 6:Hello, droz from #0!

Message at proc# 7:Hello, droz from #0!

------------------------------------------------------
Running PBS epilogue script    - 08-Oct-2019 09:44:54
------------------------------------------------------
Checking node qb032 (MS)
Checking node qb032 ok
------------------------------------------------------
Concluding PBS epilogue script - 08-Oct-2019 09:44:56
------------------------------------------------------
Exit Status:     0
Job ID:          704028.qb3
Username:        droz
Group:           latechusers
Job Name:        myjob0
Session Id:      107109
Resource Limits: ncpus=1,neednodes=1:ppn=20,nodes=1:ppn=20,walltime=01:00:00
Resources Used:  cput=00:00:03,mem=0kb,vmem=0kb,walltime=00:00:03
Queue Used:      workq
Account String:  loni_cyen405
Node:            qb032
Process id:      107744
------------------------------------------------------
